mode: set
devtools/backend/internal/sshconfig/manager.go:40.38,42.2 1 1
devtools/backend/internal/sshconfig/manager.go:45.61,53.39 4 1
devtools/backend/internal/sshconfig/manager.go:53.39,55.3 1 0
devtools/backend/internal/sshconfig/manager.go:57.2,57.24 1 1
devtools/backend/internal/sshconfig/manager.go:57.24,59.3 1 1
devtools/backend/internal/sshconfig/manager.go:61.2,61.21 1 1
devtools/backend/internal/sshconfig/manager.go:65.41,67.16 2 1
devtools/backend/internal/sshconfig/manager.go:67.16,69.3 1 1
devtools/backend/internal/sshconfig/manager.go:70.2,74.21 4 1
devtools/backend/internal/sshconfig/manager.go:74.21,76.3 1 1
devtools/backend/internal/sshconfig/manager.go:78.2,78.38 1 1
devtools/backend/internal/sshconfig/manager.go:78.38,80.3 1 0
devtools/backend/internal/sshconfig/manager.go:82.2,83.12 2 1
devtools/backend/internal/sshconfig/manager.go:87.41,91.48 3 1
devtools/backend/internal/sshconfig/manager.go:91.48,93.3 1 0
devtools/backend/internal/sshconfig/manager.go:95.2,95.73 1 1
devtools/backend/internal/sshconfig/manager.go:95.73,97.3 1 0
devtools/backend/internal/sshconfig/manager.go:99.2,99.12 1 1
devtools/backend/internal/sshconfig/manager.go:103.49,105.2 1 1
devtools/backend/internal/sshconfig/manager.go:108.74,110.12 2 1
devtools/backend/internal/sshconfig/manager.go:110.12,112.3 1 1
devtools/backend/internal/sshconfig/manager.go:114.2,119.48 2 1
devtools/backend/internal/sshconfig/manager.go:119.48,121.3 1 0
devtools/backend/internal/sshconfig/manager.go:124.2,125.39 2 1
devtools/backend/internal/sshconfig/manager.go:125.39,127.3 1 1
devtools/backend/internal/sshconfig/manager.go:130.2,130.19 1 1
devtools/backend/internal/sshconfig/manager.go:130.19,132.39 2 1
devtools/backend/internal/sshconfig/manager.go:132.39,134.18 2 1
devtools/backend/internal/sshconfig/manager.go:134.18,135.10 1 1
devtools/backend/internal/sshconfig/manager.go:137.4,137.36 1 1
devtools/backend/internal/sshconfig/manager.go:137.36,140.5 2 1
devtools/backend/internal/sshconfig/manager.go:140.10,141.10 1 0
devtools/backend/internal/sshconfig/manager.go:144.3,144.24 1 1
devtools/backend/internal/sshconfig/manager.go:144.24,146.4 1 1
devtools/backend/internal/sshconfig/manager.go:150.2,150.66 1 1
devtools/backend/internal/sshconfig/manager.go:150.66,153.55 3 1
devtools/backend/internal/sshconfig/manager.go:153.55,154.12 1 1
devtools/backend/internal/sshconfig/manager.go:158.3,158.84 1 1
devtools/backend/internal/sshconfig/manager.go:158.84,159.9 1 0
devtools/backend/internal/sshconfig/manager.go:162.3,162.55 1 1
devtools/backend/internal/sshconfig/manager.go:162.55,169.4 1 1
devtools/backend/internal/sshconfig/manager.go:172.2,172.24 1 1
devtools/backend/internal/sshconfig/manager.go:176.65,179.39 2 1
devtools/backend/internal/sshconfig/manager.go:179.39,181.39 2 1
devtools/backend/internal/sshconfig/manager.go:181.39,183.39 2 1
devtools/backend/internal/sshconfig/manager.go:183.39,186.19 2 1
devtools/backend/internal/sshconfig/manager.go:186.19,188.6 1 1
devtools/backend/internal/sshconfig/manager.go:193.2,193.19 1 1
devtools/backend/internal/sshconfig/manager.go:197.67,199.12 2 1
devtools/backend/internal/sshconfig/manager.go:199.12,201.3 1 0
devtools/backend/internal/sshconfig/manager.go:203.2,209.48 2 1
devtools/backend/internal/sshconfig/manager.go:209.48,211.3 1 0
devtools/backend/internal/sshconfig/manager.go:214.2,214.66 1 1
devtools/backend/internal/sshconfig/manager.go:214.66,217.55 3 1
devtools/backend/internal/sshconfig/manager.go:217.55,218.12 1 1
devtools/backend/internal/sshconfig/manager.go:222.3,222.84 1 1
devtools/backend/internal/sshconfig/manager.go:222.84,223.9 1 0
devtools/backend/internal/sshconfig/manager.go:226.3,226.55 1 1
devtools/backend/internal/sshconfig/manager.go:226.55,233.4 1 1
devtools/backend/internal/sshconfig/manager.go:236.2,236.24 1 1
devtools/backend/internal/sshconfig/manager.go:240.65,247.83 2 1
devtools/backend/internal/sshconfig/manager.go:247.83,249.3 1 1
devtools/backend/internal/sshconfig/manager.go:252.2,255.19 3 1
devtools/backend/internal/sshconfig/manager.go:259.72,260.33 1 1
devtools/backend/internal/sshconfig/manager.go:260.33,262.3 1 1
devtools/backend/internal/sshconfig/manager.go:264.2,265.12 2 1
devtools/backend/internal/sshconfig/manager.go:265.12,269.3 2 1
devtools/backend/internal/sshconfig/manager.go:272.2,273.21 2 1
devtools/backend/internal/sshconfig/manager.go:273.21,277.3 2 1
devtools/backend/internal/sshconfig/manager.go:277.8,281.35 3 1
devtools/backend/internal/sshconfig/manager.go:281.35,283.4 1 1
devtools/backend/internal/sshconfig/manager.go:283.9,289.4 4 1
devtools/backend/internal/sshconfig/manager.go:292.2,292.12 1 1
devtools/backend/internal/sshconfig/manager.go:296.68,297.33 1 1
devtools/backend/internal/sshconfig/manager.go:297.33,299.3 1 1
devtools/backend/internal/sshconfig/manager.go:301.2,302.12 2 1
devtools/backend/internal/sshconfig/manager.go:302.12,304.3 1 1
devtools/backend/internal/sshconfig/manager.go:306.2,307.21 2 1
devtools/backend/internal/sshconfig/manager.go:307.21,310.3 1 1
devtools/backend/internal/sshconfig/manager.go:312.2,312.12 1 1
devtools/backend/internal/sshconfig/manager.go:316.62,317.20 1 1
devtools/backend/internal/sshconfig/manager.go:317.20,319.3 1 1
devtools/backend/internal/sshconfig/manager.go:321.2,322.12 2 1
devtools/backend/internal/sshconfig/manager.go:322.12,324.3 1 1
devtools/backend/internal/sshconfig/manager.go:327.2,331.52 3 1
devtools/backend/internal/sshconfig/manager.go:331.52,333.3 1 0
devtools/backend/internal/sshconfig/manager.go:336.2,336.60 1 1
devtools/backend/internal/sshconfig/manager.go:336.60,338.3 1 0
devtools/backend/internal/sshconfig/manager.go:340.2,341.12 2 1
devtools/backend/internal/sshconfig/manager.go:345.75,347.12 2 1
devtools/backend/internal/sshconfig/manager.go:347.12,349.3 1 1
devtools/backend/internal/sshconfig/manager.go:351.2,351.48 1 1
devtools/backend/internal/sshconfig/manager.go:351.48,353.3 1 0
devtools/backend/internal/sshconfig/manager.go:356.2,356.66 1 1
devtools/backend/internal/sshconfig/manager.go:356.66,358.49 2 1
devtools/backend/internal/sshconfig/manager.go:358.49,359.12 1 0
devtools/backend/internal/sshconfig/manager.go:362.3,362.78 1 1
devtools/backend/internal/sshconfig/manager.go:362.78,363.9 1 0
devtools/backend/internal/sshconfig/manager.go:366.3,366.67 1 1
devtools/backend/internal/sshconfig/manager.go:366.67,367.40 1 1
devtools/backend/internal/sshconfig/manager.go:367.40,369.5 1 1
devtools/backend/internal/sshconfig/manager.go:373.2,373.103 1 1
devtools/backend/internal/sshconfig/manager.go:377.58,380.2 2 1
devtools/backend/internal/sshconfig/manager.go:383.61,386.39 2 1
devtools/backend/internal/sshconfig/manager.go:386.39,388.39 2 1
devtools/backend/internal/sshconfig/manager.go:388.39,391.4 2 1
devtools/backend/internal/sshconfig/manager.go:394.2,394.23 1 1
devtools/backend/internal/sshconfig/manager.go:398.71,400.12 2 1
devtools/backend/internal/sshconfig/manager.go:400.12,402.3 1 1
devtools/backend/internal/sshconfig/manager.go:404.2,412.12 6 1
devtools/backend/internal/sshconfig/manager.go:417.45,420.2 2 1
devtools/backend/internal/sshconfig/manager.go:423.53,427.73 3 1
devtools/backend/internal/sshconfig/manager.go:427.73,429.3 1 0
devtools/backend/internal/sshconfig/manager.go:431.2,431.24 1 1
devtools/backend/internal/sshconfig/manager.go:435.51,438.34 2 1
devtools/backend/internal/sshconfig/manager.go:438.34,440.45 2 1
devtools/backend/internal/sshconfig/manager.go:440.45,443.4 2 1
devtools/backend/internal/sshconfig/manager.go:446.2,446.17 1 1
devtools/backend/internal/sshconfig/manager.go:450.59,455.34 3 1
devtools/backend/internal/sshconfig/manager.go:455.34,457.45 2 1
devtools/backend/internal/sshconfig/manager.go:457.45,459.4 1 1
devtools/backend/internal/sshconfig/manager.go:459.9,459.63 1 1
devtools/backend/internal/sshconfig/manager.go:459.63,460.9 1 1
devtools/backend/internal/sshconfig/manager.go:464.2,467.20 4 1
devtools/backend/internal/sshconfig/manager.go:471.68,473.2 1 1
devtools/backend/internal/sshconfig/manager.go:476.71,478.2 1 1
devtools/backend/internal/sshconfig/manager.go:481.73,482.34 1 1
devtools/backend/internal/sshconfig/manager.go:482.34,484.43 2 1
devtools/backend/internal/sshconfig/manager.go:484.43,487.45 2 1
devtools/backend/internal/sshconfig/manager.go:487.45,489.45 2 1
devtools/backend/internal/sshconfig/manager.go:489.45,492.6 2 1
devtools/backend/internal/sshconfig/manager.go:494.4,495.27 2 0
devtools/backend/internal/sshconfig/manager.go:498.2,498.22 1 0
devtools/backend/internal/sshconfig/manager.go:504.83,506.34 1 1
devtools/backend/internal/sshconfig/manager.go:506.34,508.59 2 1
devtools/backend/internal/sshconfig/manager.go:508.59,511.35 3 1
devtools/backend/internal/sshconfig/manager.go:511.35,513.25 1 1
devtools/backend/internal/sshconfig/manager.go:513.25,516.47 2 1
devtools/backend/internal/sshconfig/manager.go:516.47,518.47 2 1
devtools/backend/internal/sshconfig/manager.go:518.47,521.8 2 1
devtools/backend/internal/sshconfig/manager.go:523.6,524.29 2 1
devtools/backend/internal/sshconfig/manager.go:531.2,531.34 1 1
devtools/backend/internal/sshconfig/manager.go:531.34,533.59 2 1
devtools/backend/internal/sshconfig/manager.go:533.59,536.35 3 1
devtools/backend/internal/sshconfig/manager.go:536.35,538.53 1 1
devtools/backend/internal/sshconfig/manager.go:538.53,541.47 2 0
devtools/backend/internal/sshconfig/manager.go:541.47,543.47 2 0
devtools/backend/internal/sshconfig/manager.go:543.47,546.8 2 0
devtools/backend/internal/sshconfig/manager.go:548.6,549.29 2 0
devtools/backend/internal/sshconfig/manager.go:557.2,557.22 1 1
devtools/backend/internal/sshconfig/manager.go:561.76,562.40 1 1
devtools/backend/internal/sshconfig/manager.go:562.40,564.3 1 0
devtools/backend/internal/sshconfig/manager.go:566.2,566.58 1 1
devtools/backend/internal/sshconfig/manager.go:566.58,569.37 2 1
devtools/backend/internal/sshconfig/manager.go:569.37,571.4 1 1
devtools/backend/internal/sshconfig/manager.go:573.3,573.78 1 1
devtools/backend/internal/sshconfig/manager.go:573.78,574.9 1 0
devtools/backend/internal/sshconfig/manager.go:577.2,577.11 1 1
devtools/backend/internal/sshconfig/manager.go:581.40,582.34 1 1
devtools/backend/internal/sshconfig/manager.go:582.34,584.17 2 1
devtools/backend/internal/sshconfig/manager.go:584.17,586.4 1 1
devtools/backend/internal/sshconfig/manager.go:588.2,588.13 1 1
devtools/backend/internal/sshconfig/manager.go:592.51,597.2 3 1
devtools/backend/internal/sshconfig/manager.go:604.47,609.31 3 1
devtools/backend/internal/sshconfig/manager.go:609.31,612.20 2 1
devtools/backend/internal/sshconfig/manager.go:612.20,614.4 1 1
devtools/backend/internal/sshconfig/manager.go:617.2,617.14 1 1
devtools/backend/internal/sshconfig/manager.go:621.51,623.25 1 1
devtools/backend/internal/sshconfig/manager.go:623.25,625.3 1 1
devtools/backend/internal/sshconfig/manager.go:628.2,628.54 1 1
devtools/backend/internal/sshconfig/manager.go:628.54,632.3 3 1
devtools/backend/internal/sshconfig/manager.go:634.2,634.14 1 1
devtools/backend/internal/sshconfig/manager.go:638.54,643.109 2 1
devtools/backend/internal/sshconfig/manager.go:643.109,645.3 1 1
devtools/backend/internal/sshconfig/manager.go:648.2,649.65 2 1
devtools/backend/internal/sshconfig/manager.go:649.65,651.3 1 1
devtools/backend/internal/sshconfig/manager.go:651.8,653.3 1 1
devtools/backend/internal/sshconfig/manager.go:655.2,655.21 1 1
devtools/backend/internal/sshconfig/manager.go:655.21,659.3 3 1
devtools/backend/internal/sshconfig/manager.go:659.8,659.28 1 1
devtools/backend/internal/sshconfig/manager.go:659.28,662.3 2 1
devtools/backend/internal/sshconfig/manager.go:664.2,664.15 1 1
devtools/backend/internal/sshconfig/manager.go:668.40,669.28 1 1
devtools/backend/internal/sshconfig/manager.go:669.28,670.34 1 1
devtools/backend/internal/sshconfig/manager.go:670.34,672.4 1 1
devtools/backend/internal/sshconfig/manager.go:674.2,674.13 1 0
devtools/backend/internal/sshconfig/manager.go:678.36,680.2 1 1
devtools/backend/internal/sshconfig/validator.go:14.58,18.2 1 1
devtools/backend/internal/sshconfig/validator.go:21.44,22.31 1 1
devtools/backend/internal/sshconfig/validator.go:22.31,27.55 3 1
devtools/backend/internal/sshconfig/validator.go:27.55,28.12 1 1
devtools/backend/internal/sshconfig/validator.go:32.3,32.64 1 1
devtools/backend/internal/sshconfig/validator.go:32.64,34.4 1 1
devtools/backend/internal/sshconfig/validator.go:37.2,37.12 1 1
devtools/backend/internal/sshconfig/validator.go:41.81,43.41 1 1
devtools/backend/internal/sshconfig/validator.go:43.41,45.6 1 1
devtools/backend/internal/sshconfig/validator.go:48.5,48.44 1 1
devtools/backend/internal/sshconfig/validator.go:48.44,50.6 1 1
devtools/backend/internal/sshconfig/validator.go:53.5,53.42 1 1
devtools/backend/internal/sshconfig/validator.go:53.42,55.6 1 1
devtools/backend/internal/sshconfig/validator.go:58.5,58.49 1 1
devtools/backend/internal/sshconfig/validator.go:62.79,63.42 1 1
devtools/backend/internal/sshconfig/validator.go:63.42,65.6 1 0
devtools/backend/internal/sshconfig/validator.go:67.5,70.30 3 1
devtools/backend/internal/sshconfig/validator.go:70.30,72.6 1 1
devtools/backend/internal/sshconfig/validator.go:75.5,76.28 2 1
devtools/backend/internal/sshconfig/validator.go:76.28,78.6 1 0
devtools/backend/internal/sshconfig/validator.go:80.5,80.40 1 1
devtools/backend/internal/sshconfig/validator.go:80.40,81.60 1 1
devtools/backend/internal/sshconfig/validator.go:81.60,83.10 1 0
devtools/backend/internal/sshconfig/validator.go:86.5,86.15 1 1
devtools/backend/internal/sshconfig/validator.go:90.82,91.45 1 1
devtools/backend/internal/sshconfig/validator.go:91.45,93.6 1 0
devtools/backend/internal/sshconfig/validator.go:95.5,98.33 3 1
devtools/backend/internal/sshconfig/validator.go:98.33,100.6 1 1
devtools/backend/internal/sshconfig/validator.go:103.5,103.44 1 1
devtools/backend/internal/sshconfig/validator.go:103.44,105.6 1 1
devtools/backend/internal/sshconfig/validator.go:107.5,107.15 1 1
devtools/backend/internal/sshconfig/validator.go:111.80,115.56 2 1
devtools/backend/internal/sshconfig/validator.go:115.56,117.3 1 1
devtools/backend/internal/sshconfig/validator.go:120.2,121.32 2 1
devtools/backend/internal/sshconfig/validator.go:121.32,123.3 1 0
devtools/backend/internal/sshconfig/validator.go:126.2,126.69 1 1
devtools/backend/internal/sshconfig/validator.go:126.69,128.3 1 1
devtools/backend/internal/sshconfig/validator.go:130.2,130.12 1 1
devtools/backend/internal/sshconfig/validator.go:134.80,136.40 2 1
devtools/backend/internal/sshconfig/validator.go:136.40,138.3 1 0
devtools/backend/internal/sshconfig/validator.go:141.2,144.40 3 1
devtools/backend/internal/sshconfig/validator.go:144.40,145.27 1 1
devtools/backend/internal/sshconfig/validator.go:145.27,147.4 1 1
devtools/backend/internal/sshconfig/validator.go:149.3,153.48 4 1
devtools/backend/internal/sshconfig/validator.go:153.48,154.52 1 1
devtools/backend/internal/sshconfig/validator.go:154.52,156.10 2 1
devtools/backend/internal/sshconfig/validator.go:160.3,160.13 1 1
devtools/backend/internal/sshconfig/validator.go:160.13,162.4 1 1
devtools/backend/internal/sshconfig/validator.go:165.3,165.37 1 1
devtools/backend/internal/sshconfig/validator.go:165.37,167.4 1 0
devtools/backend/internal/sshconfig/validator.go:170.2,170.12 1 1
devtools/backend/internal/sshconfig/validator.go:174.87,176.30 1 1
devtools/backend/internal/sshconfig/validator.go:177.14,178.18 1 1
devtools/backend/internal/sshconfig/validator.go:178.18,179.27 1 1
devtools/backend/internal/sshconfig/validator.go:179.27,181.5 1 1
devtools/backend/internal/sshconfig/validator.go:182.4,183.32 2 1
devtools/backend/internal/sshconfig/validator.go:183.32,185.5 1 1
devtools/backend/internal/sshconfig/validator.go:187.70,188.41 1 1
devtools/backend/internal/sshconfig/validator.go:188.41,190.4 1 0
devtools/backend/internal/sshconfig/validator.go:191.93,192.44 1 1
devtools/backend/internal/sshconfig/validator.go:192.44,194.4 1 1
devtools/backend/internal/sshconfig/validator.go:195.18,196.50 1 1
devtools/backend/internal/sshconfig/validator.go:196.50,198.4 1 1
devtools/backend/internal/sshconfig/validator.go:201.2,201.12 1 1
devtools/backend/internal/sshconfig/validator.go:205.67,206.20 1 1
devtools/backend/internal/sshconfig/validator.go:206.20,208.3 1 1
devtools/backend/internal/sshconfig/validator.go:211.2,211.21 1 1
devtools/backend/internal/sshconfig/validator.go:211.21,213.3 1 1
devtools/backend/internal/sshconfig/validator.go:216.2,216.25 1 1
devtools/backend/internal/sshconfig/validator.go:216.25,218.3 1 0
devtools/backend/internal/sshconfig/validator.go:221.2,221.12 1 1
devtools/backend/internal/sshconfig/validator.go:225.52,226.13 1 1
devtools/backend/internal/sshconfig/validator.go:226.13,228.3 1 1
devtools/backend/internal/sshconfig/validator.go:229.2,229.22 1 1
devtools/backend/internal/sshconfig/validator.go:229.22,230.25 1 1
devtools/backend/internal/sshconfig/validator.go:230.25,232.4 1 1
devtools/backend/internal/sshconfig/validator.go:234.2,234.13 1 1
devtools/backend/internal/sshconfig/validator.go:237.50,239.22 2 1
devtools/backend/internal/sshconfig/validator.go:239.22,241.3 1 1
devtools/backend/internal/sshconfig/validator.go:242.2,242.15 1 1
devtools/backend/internal/sshconfig/validator.go:245.55,248.2 2 1
